<?xml version="1.0" encoding="UTF-8"?>
<!-- Generated by org.testng.reporters.JUnitXMLReporter -->
<testsuite hostname="Helen_X230" ignored="0" name="Test" tests="3" failures="0" timestamp="2022-02-16T19:53:52 CST" time="67.788" errors="0">
  <testcase name="testOpenWF" time="13.838" classname="com.fundpage.test.testcase.HomePageTest"/>
  <testcase name="testOpenSearchSecurity" time="15.037" classname="com.fundpage.test.testcase.HomePageTest"/>
  <testcase name="testLogin" time="11.545" classname="com.fundpage.test.testcase.LoginTest"/>
</testsuite> <!-- Test -->
